Step: step-credential-initializer-xxdss:

{"level":"warn","ts":1565890320.815845,"logger":"fallback-logger","caller":"logging/config.go:69","msg":"Fetch GitHub commit ID from kodata failed: \"ref: refs/heads/master\" is not a valid GitHub commit ID"}
{"level":"info","ts":1565890320.8167412,"logger":"fallback-logger","caller":"creds-init/main.go:40","msg":"Credentials initialized."}
Step: step-working-dir-initializer-fg4wm:

{"level":"warn","ts":1565890321.8797514,"logger":"fallback-logger","caller":"logging/config.go:69","msg":"Fetch GitHub commit ID from kodata failed: open /var/run/ko/HEAD: no such file or directory"}
{"level":"info","ts":1565890321.881581,"logger":"fallback-logger","caller":"bash/main.go:65","msg":"Successfully executed command \"mkdir -p /workspace/source /workspace/source/charts/sfrocks\""}
Step: step-place-tools:

Step: step-git-source-*********-sfrocks-master-l24tr:

{"level":"warn","ts":1565890327.8869655,"logger":"fallback-logger","caller":"logging/config.go:69","msg":"Fetch GitHub commit ID from kodata failed: \"ref: refs/heads/master\" is not a valid GitHub commit ID"}
{"level":"info","ts":1565890328.5254862,"logger":"fallback-logger","caller":"git/git.go:102","msg":"Successfully cloned https://github.com/*********/sfrocks.git @ v0.0.1 in path /workspace/source"}
Step: step-git-merge:

WARNING: no SHAs to merge, falling back to initial cloned commit
Step: step-setup-**-git-credentials:

Generated Git credentials file /workspace/xdg_config/git/credentials
Step: step-build-npmrc:

WARNING: failed to find Secret npm-token in namespace **
Step: step-build-npm-install:

npm notice created a lockfile as package-lock.json. You should commit this file.
npm WARN REPLACE_ME@1.0.0 No repository field.
npm WARN REPLACE_ME@1.0.0 No license field.

up to date in 0.413s
found 0 vulnerabilities

Step: step-build-npm-test:


> REPLACE_ME@1.0.0 test /workspace/source
> echo "no test specified" && exit 0

no test specified
Step: step-build-container-build:

[36mINFO[0m[0000] Downloading base image node:9-slim           
ERROR: logging before flag.Parse: E0815 17:32:13.068374       9 metadata.go:142] while reading 'google-dockercfg' metadata: http status code: 404 while fetching url http://metadata.google.internal./computeMetadata/v1/instance/attributes/google-dockercfg
ERROR: logging before flag.Parse: E0815 17:32:13.071726       9 metadata.go:159] while reading 'google-dockercfg-url' metadata: http status code: 404 while fetching url http://metadata.google.internal./computeMetadata/v1/instance/attributes/google-dockercfg-url
2019/08/15 17:32:13 No matching credentials were found, falling back on anonymous
[36mINFO[0m[0001] Error while retrieving image from cache: getting file info: stat /workspace/sha256:0e0175bbe4f8d9d104590d8d2c591017874e30977cb71aaff1cf6fa99479575c: no such file or directory 
[36mINFO[0m[0001] Downloading base image node:9-slim           
2019/08/15 17:32:14 No matching credentials were found, falling back on anonymous
[36mINFO[0m[0002] Executing 0 build triggers                   
[36mINFO[0m[0002] cmd: EXPOSE                                  
[36mINFO[0m[0002] Adding exposed port: 8080/tcp                
[36mINFO[0m[0002] Using files from context: [/workspace/source] 
[36mINFO[0m[0002] Skipping unpacking as no commands require it. 
[36mINFO[0m[0002] Taking snapshot of full filesystem...        
[36mINFO[0m[0002] ENV PORT 8080                                
[36mINFO[0m[0002] No files changed in this command, skipping snapshotting. 
[36mINFO[0m[0002] EXPOSE 8080                                  
[36mINFO[0m[0002] cmd: EXPOSE                                  
[36mINFO[0m[0002] Adding exposed port: 8080/tcp                
[36mINFO[0m[0002] No files changed in this command, skipping snapshotting. 
[36mINFO[0m[0002] WORKDIR /usr/src/app                         
[36mINFO[0m[0002] cmd: workdir                                 
[36mINFO[0m[0002] Changed working directory to /usr/src/app    
[36mINFO[0m[0002] Creating directory /usr/src/app              
[36mINFO[0m[0002] Taking snapshot of files...                  
[36mINFO[0m[0002] Using files from context: [/workspace/source] 
[36mINFO[0m[0002] COPY . .                                     
[36mINFO[0m[0002] Taking snapshot of files...                  
[36mINFO[0m[0002] CMD ["npm", "start"]                         
[36mINFO[0m[0002] No files changed in this command, skipping snapshotting. 
2019/08/15 17:32:15 existing blob: sha256:a88538b9cd05cfa611e43a25582a95ad7879f6fa708b0386a26b71ee62235bb3
2019/08/15 17:32:15 existing blob: sha256:7d083412657baa2dafba8d093034ef26f9ed2c90fb6ed95f76bb55aff03ed429
2019/08/15 17:32:15 existing blob: sha256:196b8e3c919d5639193ba6c6e54774528942041bbc37606631a2250502985c3c
2019/08/15 17:32:15 existing blob: sha256:5bba3ecb4cd6374a19da45f2a3db0a9c0804984358b3bb4b666c28944016e5ff
2019/08/15 17:32:15 existing blob: sha256:e01bd28a434b56ffd2a3fe9aa99b9b69aecca69904843edd30b1ee7150d79904
2019/08/15 17:32:18 pushed blob: sha256:ddbed4c85e88a7a6b5c12f303914487586366cb47787d24885bc2c254939b2c2
2019/08/15 17:32:19 pushed blob: sha256:97b278d5e0bf64445348bc39cca31b43a20e7db82d85ffa8b574d789fc8b485b
2019/08/15 17:32:19 pushed blob: sha256:963862b918ee334a516111a4d9ece5f5b113c2d792c11325d56becf326226fd0
2019/08/15 17:32:21 gcr.io/apps-dev-229310/sfrocks:0.0.1: digest: sha256:db947f6d6e149a37c7080b336943da2c4faf0ea1b2bf6ce6dad9f47522a382cb size: 1404
Step: step-build-post-build:

no CVE provider running in the current ** namespace so skip adding image to be analysed
Step: step-promote-changelog:

Converted /workspace/source/charts/sfrocks to an unshallow repository
no previous commit version found so change diff unavailable
Step: step-promote-helm-release:

WARNING: No $CHART_REPOSITORY defined so using the default value of: http://jenkins-x-chartmuseum:8080
Adding missing Helm repo: storage.googleapis.com https://storage.googleapis.com/chartmuseum.jenkins-x.io
Successfully added Helm repository storage.googleapis.com.
Adding missing Helm repo: jenkins-x-chartmuseum http://jenkins-x-chartmuseum:8080
Successfully added Helm repository jenkins-x-chartmuseum.
WARNING: No $CHART_REPOSITORY defined so using the default value of: http://jenkins-x-chartmuseum:8080
Uploading chart file sfrocks-0.0.1.tgz to http://jenkins-x-chartmuseum:8080/api/charts
Received 201 response: {"saved":true}
Step: step-promote-**-promote:

WARNING: prow based install so skip waiting for the merge of Pull Requests to go green as currently there is an issue with gettingstatuses from the PR, see https://github.com/jenkins-x/**/issues/2410
Promoting app sfrocks version 0.0.1 to namespace **-staging
Created Pull Request: https://github.com/*********/environment-*********-gh12-staging/pull/4
Added label  to Pull Request https://github.com/*********/environment-*********-gh12-staging/pull/4
WARNING: Failed to query the Pull Request last commit status for https://github.com/*********/environment-*********-gh12-staging/pull/4 ref d1bedc3ed5e158e85d905b6f652c182b878f2d17 Could not find a status for repository *********/environment-*********-gh12-staging with ref d1bedc3ed5e158e85d905b6f652c182b878f2d17
Pull Request https://github.com/*********/environment-*********-gh12-staging/pull/4 is merged at sha 860dcdfdf5094d2a94f9d17ab3c6a0e8888bb49a
Pull Request merged but we are not waiting for the update pipeline to complete!
WARNING: Could not find the service URL in namespace **-staging for names sfrocks, **-sfrocks, **-staging-sfrocks
